<?xml version="1.0" encoding="UTF-8"?>
<testsuite name="ru.stqa.t.addressbook.tests.GroupDeletionTests" tests="1" skipped="0" failures="0" errors="0" timestamp="2018-06-05T21:24:55" hostname="DESKTOP-JMQ481U" time="0.484">
  <properties/>
  <testcase name="testGroupDeletion" classname="ru.stqa.t.addressbook.tests.GroupDeletionTests" time="0.484"/>
  <system-out><![CDATA[Hibernate: select groupdata0_.group_id as group_id1_2_, groupdata0_.group_footer as group_fo2_2_, groupdata0_.group_header as group_he3_2_, groupdata0_.group_name as group_na4_2_ from group_list groupdata0_
Hibernate: select contacts0_.group_id as group_id2_0_0_, contacts0_.id as id1_0_0_, contactdat1_.id as id1_1_1_, contactdat1_.address as address2_1_1_, contactdat1_.email as email3_1_1_, contactdat1_.email2 as email4_1_1_, contactdat1_.email3 as email5_1_1_, contactdat1_.firstname as firstnam6_1_1_, contactdat1_.phone2 as phone7_1_1_, contactdat1_.home as home8_1_1_, contactdat1_.lastname as lastname9_1_1_, contactdat1_.mobile as mobile10_1_1_, contactdat1_.nickname as nicknam11_1_1_, contactdat1_.photo as photo12_1_1_, contactdat1_.work as work13_1_1_ from address_in_groups contacts0_ inner join addressbook contactdat1_ on contacts0_.id=contactdat1_.id where contacts0_.group_id=?
Hibernate: select contacts0_.group_id as group_id2_0_0_, contacts0_.id as id1_0_0_, contactdat1_.id as id1_1_1_, contactdat1_.address as address2_1_1_, contactdat1_.email as email3_1_1_, contactdat1_.email2 as email4_1_1_, contactdat1_.email3 as email5_1_1_, contactdat1_.firstname as firstnam6_1_1_, contactdat1_.phone2 as phone7_1_1_, contactdat1_.home as home8_1_1_, contactdat1_.lastname as lastname9_1_1_, contactdat1_.mobile as mobile10_1_1_, contactdat1_.nickname as nicknam11_1_1_, contactdat1_.photo as photo12_1_1_, contactdat1_.work as work13_1_1_ from address_in_groups contacts0_ inner join addressbook contactdat1_ on contacts0_.id=contactdat1_.id where contacts0_.group_id=?
Hibernate: select contacts0_.group_id as group_id2_0_0_, contacts0_.id as id1_0_0_, contactdat1_.id as id1_1_1_, contactdat1_.address as address2_1_1_, contactdat1_.email as email3_1_1_, contactdat1_.email2 as email4_1_1_, contactdat1_.email3 as email5_1_1_, contactdat1_.firstname as firstnam6_1_1_, contactdat1_.phone2 as phone7_1_1_, contactdat1_.home as home8_1_1_, contactdat1_.lastname as lastname9_1_1_, contactdat1_.mobile as mobile10_1_1_, contactdat1_.nickname as nicknam11_1_1_, contactdat1_.photo as photo12_1_1_, contactdat1_.work as work13_1_1_ from address_in_groups contacts0_ inner join addressbook contactdat1_ on contacts0_.id=contactdat1_.id where contacts0_.group_id=?
Hibernate: select contacts0_.group_id as group_id2_0_0_, contacts0_.id as id1_0_0_, contactdat1_.id as id1_1_1_, contactdat1_.address as address2_1_1_, contactdat1_.email as email3_1_1_, contactdat1_.email2 as email4_1_1_, contactdat1_.email3 as email5_1_1_, contactdat1_.firstname as firstnam6_1_1_, contactdat1_.phone2 as phone7_1_1_, contactdat1_.home as home8_1_1_, contactdat1_.lastname as lastname9_1_1_, contactdat1_.mobile as mobile10_1_1_, contactdat1_.nickname as nicknam11_1_1_, contactdat1_.photo as photo12_1_1_, contactdat1_.work as work13_1_1_ from address_in_groups contacts0_ inner join addressbook contactdat1_ on contacts0_.id=contactdat1_.id where contacts0_.group_id=?
Hibernate: select contacts0_.group_id as group_id2_0_0_, contacts0_.id as id1_0_0_, contactdat1_.id as id1_1_1_, contactdat1_.address as address2_1_1_, contactdat1_.email as email3_1_1_, contactdat1_.email2 as email4_1_1_, contactdat1_.email3 as email5_1_1_, contactdat1_.firstname as firstnam6_1_1_, contactdat1_.phone2 as phone7_1_1_, contactdat1_.home as home8_1_1_, contactdat1_.lastname as lastname9_1_1_, contactdat1_.mobile as mobile10_1_1_, contactdat1_.nickname as nicknam11_1_1_, contactdat1_.photo as photo12_1_1_, contactdat1_.work as work13_1_1_ from address_in_groups contacts0_ inner join addressbook contactdat1_ on contacts0_.id=contactdat1_.id where contacts0_.group_id=?
Hibernate: select contacts0_.group_id as group_id2_0_0_, contacts0_.id as id1_0_0_, contactdat1_.id as id1_1_1_, contactdat1_.address as address2_1_1_, contactdat1_.email as email3_1_1_, contactdat1_.email2 as email4_1_1_, contactdat1_.email3 as email5_1_1_, contactdat1_.firstname as firstnam6_1_1_, contactdat1_.phone2 as phone7_1_1_, contactdat1_.home as home8_1_1_, contactdat1_.lastname as lastname9_1_1_, contactdat1_.mobile as mobile10_1_1_, contactdat1_.nickname as nicknam11_1_1_, contactdat1_.photo as photo12_1_1_, contactdat1_.work as work13_1_1_ from address_in_groups contacts0_ inner join addressbook contactdat1_ on contacts0_.id=contactdat1_.id where contacts0_.group_id=?
Hibernate: select contacts0_.group_id as group_id2_0_0_, contacts0_.id as id1_0_0_, contactdat1_.id as id1_1_1_, contactdat1_.address as address2_1_1_, contactdat1_.email as email3_1_1_, contactdat1_.email2 as email4_1_1_, contactdat1_.email3 as email5_1_1_, contactdat1_.firstname as firstnam6_1_1_, contactdat1_.phone2 as phone7_1_1_, contactdat1_.home as home8_1_1_, contactdat1_.lastname as lastname9_1_1_, contactdat1_.mobile as mobile10_1_1_, contactdat1_.nickname as nicknam11_1_1_, contactdat1_.photo as photo12_1_1_, contactdat1_.work as work13_1_1_ from address_in_groups contacts0_ inner join addressbook contactdat1_ on contacts0_.id=contactdat1_.id where contacts0_.group_id=?
Hibernate: select contacts0_.group_id as group_id2_0_0_, contacts0_.id as id1_0_0_, contactdat1_.id as id1_1_1_, contactdat1_.address as address2_1_1_, contactdat1_.email as email3_1_1_, contactdat1_.email2 as email4_1_1_, contactdat1_.email3 as email5_1_1_, contactdat1_.firstname as firstnam6_1_1_, contactdat1_.phone2 as phone7_1_1_, contactdat1_.home as home8_1_1_, contactdat1_.lastname as lastname9_1_1_, contactdat1_.mobile as mobile10_1_1_, contactdat1_.nickname as nicknam11_1_1_, contactdat1_.photo as photo12_1_1_, contactdat1_.work as work13_1_1_ from address_in_groups contacts0_ inner join addressbook contactdat1_ on contacts0_.id=contactdat1_.id where contacts0_.group_id=?
Hibernate: select groupdata0_.group_id as group_id1_2_, groupdata0_.group_footer as group_fo2_2_, groupdata0_.group_header as group_he3_2_, groupdata0_.group_name as group_na4_2_ from group_list groupdata0_
Hibernate: select contacts0_.group_id as group_id2_0_0_, contacts0_.id as id1_0_0_, contactdat1_.id as id1_1_1_, contactdat1_.address as address2_1_1_, contactdat1_.email as email3_1_1_, contactdat1_.email2 as email4_1_1_, contactdat1_.email3 as email5_1_1_, contactdat1_.firstname as firstnam6_1_1_, contactdat1_.phone2 as phone7_1_1_, contactdat1_.home as home8_1_1_, contactdat1_.lastname as lastname9_1_1_, contactdat1_.mobile as mobile10_1_1_, contactdat1_.nickname as nicknam11_1_1_, contactdat1_.photo as photo12_1_1_, contactdat1_.work as work13_1_1_ from address_in_groups contacts0_ inner join addressbook contactdat1_ on contacts0_.id=contactdat1_.id where contacts0_.group_id=?
Hibernate: select contacts0_.group_id as group_id2_0_0_, contacts0_.id as id1_0_0_, contactdat1_.id as id1_1_1_, contactdat1_.address as address2_1_1_, contactdat1_.email as email3_1_1_, contactdat1_.email2 as email4_1_1_, contactdat1_.email3 as email5_1_1_, contactdat1_.firstname as firstnam6_1_1_, contactdat1_.phone2 as phone7_1_1_, contactdat1_.home as home8_1_1_, contactdat1_.lastname as lastname9_1_1_, contactdat1_.mobile as mobile10_1_1_, contactdat1_.nickname as nicknam11_1_1_, contactdat1_.photo as photo12_1_1_, contactdat1_.work as work13_1_1_ from address_in_groups contacts0_ inner join addressbook contactdat1_ on contacts0_.id=contactdat1_.id where contacts0_.group_id=?
Hibernate: select contacts0_.group_id as group_id2_0_0_, contacts0_.id as id1_0_0_, contactdat1_.id as id1_1_1_, contactdat1_.address as address2_1_1_, contactdat1_.email as email3_1_1_, contactdat1_.email2 as email4_1_1_, contactdat1_.email3 as email5_1_1_, contactdat1_.firstname as firstnam6_1_1_, contactdat1_.phone2 as phone7_1_1_, contactdat1_.home as home8_1_1_, contactdat1_.lastname as lastname9_1_1_, contactdat1_.mobile as mobile10_1_1_, contactdat1_.nickname as nicknam11_1_1_, contactdat1_.photo as photo12_1_1_, contactdat1_.work as work13_1_1_ from address_in_groups contacts0_ inner join addressbook contactdat1_ on contacts0_.id=contactdat1_.id where contacts0_.group_id=?
Hibernate: select contacts0_.group_id as group_id2_0_0_, contacts0_.id as id1_0_0_, contactdat1_.id as id1_1_1_, contactdat1_.address as address2_1_1_, contactdat1_.email as email3_1_1_, contactdat1_.email2 as email4_1_1_, contactdat1_.email3 as email5_1_1_, contactdat1_.firstname as firstnam6_1_1_, contactdat1_.phone2 as phone7_1_1_, contactdat1_.home as home8_1_1_, contactdat1_.lastname as lastname9_1_1_, contactdat1_.mobile as mobile10_1_1_, contactdat1_.nickname as nicknam11_1_1_, contactdat1_.photo as photo12_1_1_, contactdat1_.work as work13_1_1_ from address_in_groups contacts0_ inner join addressbook contactdat1_ on contacts0_.id=contactdat1_.id where contacts0_.group_id=?
Hibernate: select contacts0_.group_id as group_id2_0_0_, contacts0_.id as id1_0_0_, contactdat1_.id as id1_1_1_, contactdat1_.address as address2_1_1_, contactdat1_.email as email3_1_1_, contactdat1_.email2 as email4_1_1_, contactdat1_.email3 as email5_1_1_, contactdat1_.firstname as firstnam6_1_1_, contactdat1_.phone2 as phone7_1_1_, contactdat1_.home as home8_1_1_, contactdat1_.lastname as lastname9_1_1_, contactdat1_.mobile as mobile10_1_1_, contactdat1_.nickname as nicknam11_1_1_, contactdat1_.photo as photo12_1_1_, contactdat1_.work as work13_1_1_ from address_in_groups contacts0_ inner join addressbook contactdat1_ on contacts0_.id=contactdat1_.id where contacts0_.group_id=?
Hibernate: select contacts0_.group_id as group_id2_0_0_, contacts0_.id as id1_0_0_, contactdat1_.id as id1_1_1_, contactdat1_.address as address2_1_1_, contactdat1_.email as email3_1_1_, contactdat1_.email2 as email4_1_1_, contactdat1_.email3 as email5_1_1_, contactdat1_.firstname as firstnam6_1_1_, contactdat1_.phone2 as phone7_1_1_, contactdat1_.home as home8_1_1_, contactdat1_.lastname as lastname9_1_1_, contactdat1_.mobile as mobile10_1_1_, contactdat1_.nickname as nicknam11_1_1_, contactdat1_.photo as photo12_1_1_, contactdat1_.work as work13_1_1_ from address_in_groups contacts0_ inner join addressbook contactdat1_ on contacts0_.id=contactdat1_.id where contacts0_.group_id=?
Hibernate: select contacts0_.group_id as group_id2_0_0_, contacts0_.id as id1_0_0_, contactdat1_.id as id1_1_1_, contactdat1_.address as address2_1_1_, contactdat1_.email as email3_1_1_, contactdat1_.email2 as email4_1_1_, contactdat1_.email3 as email5_1_1_, contactdat1_.firstname as firstnam6_1_1_, contactdat1_.phone2 as phone7_1_1_, contactdat1_.home as home8_1_1_, contactdat1_.lastname as lastname9_1_1_, contactdat1_.mobile as mobile10_1_1_, contactdat1_.nickname as nicknam11_1_1_, contactdat1_.photo as photo12_1_1_, contactdat1_.work as work13_1_1_ from address_in_groups contacts0_ inner join addressbook contactdat1_ on contacts0_.id=contactdat1_.id where contacts0_.group_id=?
]]></system-out>
  <system-err><![CDATA[]]></system-err>
</testsuite>
