<?xml version="1.0" encoding="UTF-8"?>
<testsuite name="ru.stqa.t.addressbook.tests.GroupCreationTests" tests="4" skipped="0" failures="0" errors="0" timestamp="2018-05-06T18:33:13" hostname="DESKTOP-JMQ481U" time="11.286">
  <properties/>
  <testcase name="testBadGroupCreation" classname="ru.stqa.t.addressbook.tests.GroupCreationTests" time="3.774"/>
  <testcase name="testGroupCreation[0](GroupData{id=2147483647, name='test 0'})" classname="ru.stqa.t.addressbook.tests.GroupCreationTests" time="2.482"/>
  <testcase name="testGroupCreation[1](GroupData{id=2147483647, name='test 1'})" classname="ru.stqa.t.addressbook.tests.GroupCreationTests" time="2.588"/>
  <testcase name="testGroupCreation[2](GroupData{id=2147483647, name='test 2'})" classname="ru.stqa.t.addressbook.tests.GroupCreationTests" time="2.397"/>
  <system-out><![CDATA[]]></system-out>
  <system-err><![CDATA[]]></system-err>
</testsuite>
