<?xml version="1.0" encoding="UTF-8"?>
<testsuite name="ru.stqa.t.addressbook.tests.ContactDeletionTests" tests="1" skipped="1" failures="0" errors="0" timestamp="2018-06-05T20:12:32" hostname="DESKTOP-JMQ481U" time="0.0">
  <properties/>
  <testcase name="testContactDeletion" classname="ru.stqa.t.addressbook.tests.ContactDeletionTests" time="0.0">
    <skipped/>
  </testcase>
  <system-out><![CDATA[]]></system-out>
  <system-err><![CDATA[]]></system-err>
</testsuite>
