<?xml version="1.0" encoding="UTF-8"?>
<testsuite name="ru.stqa.t.addressbook.tests.GroupCreationTests" tests="4" skipped="0" failures="0" errors="0" timestamp="2018-05-06T21:23:19" hostname="DESKTOP-JMQ481U" time="6.321">
  <properties/>
  <testcase name="testBadGroupCreation" classname="ru.stqa.t.addressbook.tests.GroupCreationTests" time="1.602"/>
  <testcase name="testGroupCreation[0](GroupData{id=2147483647, name='test 0'})" classname="ru.stqa.t.addressbook.tests.GroupCreationTests" time="1.478"/>
  <testcase name="testGroupCreation[1](GroupData{id=2147483647, name='test 1'})" classname="ru.stqa.t.addressbook.tests.GroupCreationTests" time="1.589"/>
  <testcase name="testGroupCreation[2](GroupData{id=2147483647, name='test 2'})" classname="ru.stqa.t.addressbook.tests.GroupCreationTests" time="1.632"/>
  <system-out><![CDATA[]]></system-out>
  <system-err><![CDATA[]]></system-err>
</testsuite>
