<?xml version="1.0" encoding="UTF-8"?>
<testsuite name="ru.stqa.t.addressbook.tests.GroupModificationTests" tests="1" skipped="0" failures="0" errors="0" timestamp="2018-05-06T18:33:26" hostname="DESKTOP-JMQ481U" time="2.812">
  <properties/>
  <testcase name="testGroupModification" classname="ru.stqa.t.addressbook.tests.GroupModificationTests" time="2.812"/>
  <system-out><![CDATA[]]></system-out>
  <system-err><![CDATA[]]></system-err>
</testsuite>
