<?xml version="1.0" encoding="UTF-8"?>
<testsuite name="ru.stqa.t.addressbook.tests.GroupDeletionTests" tests="1" skipped="0" failures="0" errors="0" timestamp="2018-05-06T18:33:30" hostname="DESKTOP-JMQ481U" time="1.855">
  <properties/>
  <testcase name="testGroupDeletion" classname="ru.stqa.t.addressbook.tests.GroupDeletionTests" time="1.855"/>
  <system-out><![CDATA[]]></system-out>
  <system-err><![CDATA[]]></system-err>
</testsuite>
