<?xml version="1.0" encoding="UTF-8"?>
<testsuite name="ru.stqa.t.addressbook.tests.ContactDeletionTests" tests="1" skipped="0" failures="0" errors="0" timestamp="2018-05-06T18:41:38" hostname="DESKTOP-JMQ481U" time="4.451">
  <properties/>
  <testcase name="testContactDeletion" classname="ru.stqa.t.addressbook.tests.ContactDeletionTests" time="4.451"/>
  <system-out><![CDATA[]]></system-out>
  <system-err><![CDATA[]]></system-err>
</testsuite>
